2021-12-06 14:01:34 INFO  LoginFilter:59 - ADMIN WAS LOGGED IN
2021-12-06 14:04:20 INFO  LoginFilter:59 - ADMIN WAS LOGGED IN
2021-12-06 14:04:25 INFO  LoginFilter:55 - CLIENT WAS LOGGED IN
2021-12-06 14:04:53 INFO  LoginFilter:64 - PASSWORD IS INCORRECT
2021-12-06 14:04:55 INFO  LoginFilter:59 - ADMIN WAS LOGGED IN
2021-12-06 14:16:22 INFO  AdminFilter:37 - ADMIN WAS LOGGED IN
2021-12-06 14:16:31 INFO  AdminFilter:37 - ADMIN WAS LOGGED IN
2021-12-06 14:16:33 INFO  LoginFilter:42 - Denied access: only client can get client panel
2021-12-06 14:17:34 INFO  AdminFilter:37 - ADMIN WAS LOGGED IN
2021-12-06 14:17:37 INFO  AdminFilter:37 - ADMIN WAS LOGGED IN
2021-12-06 14:17:41 INFO  LoginFilter:42 - Denied access: only client can get client panel
2021-12-06 14:17:49 INFO  AdminFilter:37 - ADMIN WAS LOGGED IN
2021-12-06 14:17:57 INFO  LoginFilter:42 - Denied access: only client can get client panel
2021-12-06 14:19:23 INFO  AdminFilter:37 - Admin was logged in
2021-12-06 14:19:28 INFO  AdminFilter:37 - Admin was logged in
2021-12-06 14:19:30 INFO  LoginFilter:42 - Denied access: only client can get client panel
2021-12-06 14:19:33 INFO  AdminFilter:37 - Admin was logged in
2021-12-06 14:19:37 INFO  AdminFilter:37 - Admin was logged in
2021-12-06 14:19:41 INFO  LoginFilter:54 - Client was logged in
2021-12-06 14:19:46 INFO  AdminFilter:40 - Denied access: only admin can get admin panel
2021-12-06 14:23:30 INFO  LoginFilter:54 - 2 logged in
2021-12-06 14:23:36 INFO  AdminFilter:40 - Denied access: only admin can get admin panel
2021-12-06 14:23:39 INFO  LogoutServlet:22 - CLIENT logged out
2021-12-06 14:23:43 INFO  AdminFilter:37 - ADMIN logged in
2021-12-06 14:23:50 INFO  LoginFilter:42 - Denied access: only client can get client panel
2021-12-06 14:23:53 INFO  AdminFilter:37 - ADMIN logged in
2021-12-06 14:23:56 INFO  LogoutServlet:22 - ADMIN logged out
2021-12-06 14:24:25 INFO  AdminFilter:37 - ADMIN logged in
2021-12-06 14:24:27 INFO  LogoutServlet:22 - ADMIN logged out
2021-12-06 14:25:38 INFO  AdminFilter:37 - ADMIN logged in
2021-12-06 14:27:13 INFO  AdminFilter:37 - ADMIN logged in
2021-12-06 14:27:20 INFO  AdminFilter:37 - ADMIN logged in
2021-12-06 14:30:07 INFO  AdminFilter:37 - ADMIN logged in
2021-12-06 14:30:18 INFO  UserDAOImpl:198 - Duplicate entry 'Otto2' for key 'user.username_UNIQUE'
2021-12-06 14:30:18 INFO  AdminFilter:37 - ADMIN logged in
2021-12-06 14:31:24 INFO  LogoutServlet:22 - ADMIN logged out
2021-12-06 14:34:24 INFO  AdminFilter:37 - ADMIN logged in
2021-12-06 14:34:27 INFO  LogoutServlet:22 - ADMIN logged out
2021-12-06 14:34:29 INFO  LoginFilter:54 - 2 logged in
2021-12-06 14:38:54 INFO  LogoutServlet:22 - CLIENT logged out
2021-12-06 14:38:57 INFO  AdminFilter:37 - ADMIN logged in
2021-12-06 14:38:58 INFO  LogoutServlet:22 - ADMIN logged out
2021-12-06 14:39:01 INFO  LoginFilter:54 - 2 logged in
2021-12-06 14:42:09 INFO  LoginFilter:54 - 2 logged in
2021-12-06 14:42:14 INFO  PaymentServlet:42 - petro topped up the balance by 324
2021-12-06 14:42:14 INFO  LogoutServlet:22 - CLIENT logged out
2021-12-06 14:42:16 INFO  LoginFilter:54 - 2 logged in
2021-12-06 14:42:20 INFO  UserService:78 - CLIENT deleted his tariff
2021-12-06 14:44:17 INFO  LoginFilter:54 - 2 logged in
2021-12-06 14:44:41 INFO  AdminFilter:40 - Denied access: only ADMIN can get admin panel
2021-12-06 14:44:56 INFO  UserService:109 - CLIENT connected paid the price and connected the tariff
2021-12-06 14:51:20 INFO  LoginFilter:54 - 2 logged in
2021-12-06 14:51:26 INFO  UserService:78 - CLIENT deleted his tariff
2021-12-06 14:51:30 INFO  PaymentServlet:42 - petro topped up the balance by 555
2021-12-06 14:51:33 INFO  UserService:109 - CLIENT paid the price and connected the tariff
2021-12-06 14:52:03 INFO  UserService:109 - CLIENT paid the price and connected the tariff
